<?xml version="1.0" encoding="UTF-8"?>
<!-- Generated by org.testng.reporters.JUnitXMLReporter -->
<testsuite ignored="0" hostname="Siddhesh" failures="0" tests="4" name="Test" time="7.491" errors="0" timestamp="2023-01-23T23:01:13 IST">
  <testcase classname="testCases.TC_VideogameAPI" name="postVideogame" time="5.006"/>
  <testcase classname="testCases.TC_VideogameAPI" name="getvideogamebyid" time="2.121"/>
  <testcase classname="testCases.TC_VideogameAPI" name="videogamepost" time="0.078"/>
  <testcase classname="testCases.TC_VideogameAPI" name="deletegame" time="0.13"/>
</testsuite> <!-- Test -->
