<?xml version="1.0" encoding="UTF-8"?>
<testng-results ignored="0" total="4" passed="4" failed="0" skipped="0">
  <reporter-output>
  </reporter-output>
  <suite started-at="2023-01-23T23:01:06 IST" name="Suite" finished-at="2023-01-23T23:01:13 IST" duration-ms="7491">
    <groups>
    </groups>
    <test started-at="2023-01-23T23:01:06 IST" name="Test" finished-at="2023-01-23T23:01:13 IST" duration-ms="7491">
      <class name="testCases.TC_VideogameAPI">
        <test-method signature="postVideogame()[pri:1, instance:testCases.TC_VideogameAPI@ffaa6af]" started-at="2023-01-23T23:01:06 IST" name="postVideogame" finished-at="2023-01-23T23:01:11 IST" duration-ms="5006" status="PASS">
          <reporter-output>
          </reporter-output>
        </test-method> <!-- postVideogame -->
        <test-method signature="getvideogamebyid()[pri:2, instance:testCases.TC_VideogameAPI@ffaa6af]" started-at="2023-01-23T23:01:11 IST" name="getvideogamebyid" finished-at="2023-01-23T23:01:13 IST" duration-ms="2121" status="PASS">
          <reporter-output>
          </reporter-output>
        </test-method> <!-- getvideogamebyid -->
        <test-method signature="videogamepost(int,java.lang.String,java.lang.String,int,java.lang.String,java.lang.String)[pri:3, instance:testCases.TC_VideogameAPI@ffaa6af]" started-at="2023-01-23T23:01:13 IST" name="videogamepost" data-provider="dataforpost" finished-at="2023-01-23T23:01:13 IST" duration-ms="78" status="PASS">
          <params>
            <param index="0">
              <value>
                <![CDATA[50]]>
              </value>
            </param>
            <param index="1">
              <value>
                <![CDATA[Avengers]]>
              </value>
            </param>
            <param index="2">
              <value>
                <![CDATA[2023-01-23T16:03:35.262Z]]>
              </value>
            </param>
            <param index="3">
              <value>
                <![CDATA[5]]>
              </value>
            </param>
            <param index="4">
              <value>
                <![CDATA[Action]]>
              </value>
            </param>
            <param index="5">
              <value>
                <![CDATA[Adult]]>
              </value>
            </param>
          </params>
          <reporter-output>
          </reporter-output>
        </test-method> <!-- videogamepost -->
        <test-method signature="deletegame()[pri:4, instance:testCases.TC_VideogameAPI@ffaa6af]" started-at="2023-01-23T23:01:13 IST" name="deletegame" finished-at="2023-01-23T23:01:13 IST" duration-ms="130" status="PASS">
          <reporter-output>
          </reporter-output>
        </test-method> <!-- deletegame -->
      </class> <!-- testCases.TC_VideogameAPI -->
    </test> <!-- Test -->
  </suite> <!-- Suite -->
</testng-results>
